<?xml version="1.0" encoding="UTF-8"?>
<testng-results skipped="0" failed="0" ignored="0" total="1" passed="1">
  <reporter-output>
  </reporter-output>
  <suite name="Default suite" duration-ms="4794" started-at="2017-08-06T20:05:00Z" finished-at="2017-08-06T20:05:05Z">
    <groups>
    </groups>
    <test name="Default test" duration-ms="4794" started-at="2017-08-06T20:05:00Z" finished-at="2017-08-06T20:05:05Z">
      <class name="com.project.start.controller.MyTest">
        <test-method status="PASS" signature="springTestContextBeforeTestClass()[pri:0, instance:com.project.start.controller.MyTest@212bf671]" name="springTestContextBeforeTestClass" is-config="true" duration-ms="9" started-at="2017-08-06T23:05:00Z" finished-at="2017-08-06T23:05:00Z">
          <reporter-output>
          </reporter-output>
        </test-method> <!-- springTestContextBeforeTestClass -->
        <test-method status="PASS" signature="springTestContextPrepareTestInstance()[pri:0, instance:com.project.start.controller.MyTest@212bf671]" name="springTestContextPrepareTestInstance" is-config="true" duration-ms="2287" started-at="2017-08-06T23:05:00Z" depends-on-methods="org.springframework.test.context.testng.AbstractTestNGSpringContextTests.springTestContextBeforeTestClass" finished-at="2017-08-06T23:05:03Z">
          <reporter-output>
          </reporter-output>
        </test-method> <!-- springTestContextPrepareTestInstance -->
        <test-method status="PASS" signature="springTestContextBeforeTestMethod(java.lang.reflect.Method)[pri:0, instance:com.project.start.controller.MyTest@212bf671]" name="springTestContextBeforeTestMethod" is-config="true" duration-ms="2" started-at="2017-08-06T23:05:03Z" finished-at="2017-08-06T23:05:03Z">
          <params>
            <param index="0">
              <value>
                <![CDATA[public void com.project.start.controller.MyTest.test()]]>
              </value>
            </param>
          </params>
          <reporter-output>
          </reporter-output>
        </test-method> <!-- springTestContextBeforeTestMethod -->
        <test-method status="PASS" signature="test()[pri:0, instance:com.project.start.controller.MyTest@212bf671]" name="test" duration-ms="2469" started-at="2017-08-06T23:05:03Z" finished-at="2017-08-06T23:05:05Z">
          <reporter-output>
          </reporter-output>
        </test-method> <!-- test -->
        <test-method status="PASS" signature="springTestContextAfterTestMethod(java.lang.reflect.Method)[pri:0, instance:com.project.start.controller.MyTest@212bf671]" name="springTestContextAfterTestMethod" is-config="true" duration-ms="2" started-at="2017-08-06T23:05:05Z" finished-at="2017-08-06T23:05:05Z">
          <params>
            <param index="0">
              <value>
                <![CDATA[public void com.project.start.controller.MyTest.test()]]>
              </value>
            </param>
          </params>
          <reporter-output>
          </reporter-output>
        </test-method> <!-- springTestContextAfterTestMethod -->
        <test-method status="PASS" signature="springTestContextAfterTestClass()[pri:0, instance:com.project.start.controller.MyTest@212bf671]" name="springTestContextAfterTestClass" is-config="true" duration-ms="1" started-at="2017-08-06T23:05:05Z" finished-at="2017-08-06T23:05:05Z">
          <reporter-output>
          </reporter-output>
        </test-method> <!-- springTestContextAfterTestClass -->
      </class> <!-- com.project.start.controller.MyTest -->
    </test> <!-- Default test -->
  </suite> <!-- Default suite -->
</testng-results>
